<?xml version='1.0' encoding='UTF-8'?>
<!DOCTYPE coverage SYSTEM 'http://cobertura.sourceforge.net/xml/coverage-04.dtd'>
<coverage line-rate="1.0" branch-rate="1.0" lines-covered="6" lines-valid="6" branches-covered="0" branches-valid="0" complexity="0.0" timestamp="1722347200" version="gcovr 7.2">
  <sources>
    <source>../..</source>
  </sources>
  <packages>
    <package name="CppProjectTemplate" line-rate="1.0" branch-rate="1.0" complexity="0.0">
      <classes>
        <class name="Library_cpp" filename="CppProjectTemplate/Library.cpp" line-rate="1.0" branch-rate="1.0" complexity="0.0">
          <methods/>
          <lines>
            <line number="6" hits="2" branch="false"/>
            <line number="7" hits="2" branch="false"/>
            <line number="10" hits="2" branch="false"/>
            <line number="12" hits="2" branch="false"/>
          </lines>
        </class>
        <class name="Square_hpp" filename="CppProjectTemplate/Square.hpp" line-rate="1.0" branch-rate="1.0" complexity="0.0">
          <methods/>
          <lines>
            <line number="5" hits="8" branch="false"/>
            <line number="7" hits="8" branch="false"/>
          </lines>
        </class>
      </classes>
    </package>
  </packages>
</coverage>
